Determining if the pthread_create exist failed with the following output:
Change Dir: /home/yellow/ws_why/build/CMakeFiles/CMakeTmp

Run Build Command:"/usr/bin/make" "cmTC_74faf/fast"
/usr/bin/make -f CMakeFiles/cmTC_74faf.dir/build.make CMakeFiles/cmTC_74faf.dir/build
make[1]: Entering directory '/home/yellow/ws_why/build/CMakeFiles/CMakeTmp'
Building C object CMakeFiles/cmTC_74faf.dir/CheckSymbolExists.c.o
/usr/bin/cc    -o CMakeFiles/cmTC_74faf.dir/CheckSymbolExists.c.o   -c /home/yellow/ws_why/build/CMakeFiles/CMakeTmp/CheckSymbolExists.c
Linking C executable cmTC_74faf
/usr/bin/cmake -E cmake_link_script CMakeFiles/cmTC_74faf.dir/link.txt --verbose=1
/usr/bin/cc      -rdynamic CMakeFiles/cmTC_74faf.dir/CheckSymbolExists.c.o  -o cmTC_74faf 
CMakeFiles/cmTC_74faf.dir/CheckSymbolExists.c.o: In function `main':
CheckSymbolExists.c:(.text+0x1b): undefined reference to `pthread_create'
collect2: error: ld returned 1 exit status
CMakeFiles/cmTC_74faf.dir/build.make:97: recipe for target 'cmTC_74faf' failed
make[1]: *** [cmTC_74faf] Error 1
make[1]: Leaving directory '/home/yellow/ws_why/build/CMakeFiles/CMakeTmp'
Makefile:126: recipe for target 'cmTC_74faf/fast' failed
make: *** [cmTC_74faf/fast] Error 2

File /home/yellow/ws_why/build/CMakeFiles/CMakeTmp/CheckSymbolExists.c:
/* */
#include <pthread.h>

int main(int argc, char** argv)
{
  (void)argv;
#ifndef pthread_create
  return ((int*)(&pthread_create))[argc];
#else
  (void)argc;
  return 0;
#endif
}

Determining if the function pthread_create exists in the pthreads failed with the following output:
Change Dir: /home/yellow/ws_why/build/CMakeFiles/CMakeTmp

Run Build Command:"/usr/bin/make" "cmTC_58eac/fast"
/usr/bin/make -f CMakeFiles/cmTC_58eac.dir/build.make CMakeFiles/cmTC_58eac.dir/build
make[1]: Entering directory '/home/yellow/ws_why/build/CMakeFiles/CMakeTmp'
Building C object CMakeFiles/cmTC_58eac.dir/CheckFunctionExists.c.o
/usr/bin/cc   -DCHECK_FUNCTION_EXISTS=pthread_create   -o CMakeFiles/cmTC_58eac.dir/CheckFunctionExists.c.o   -c /usr/share/cmake-3.10/Modules/CheckFunctionExists.c
Linking C executable cmTC_58eac
/usr/bin/cmake -E cmake_link_script CMakeFiles/cmTC_58eac.dir/link.txt --verbose=1
/usr/bin/cc  -DCHECK_FUNCTION_EXISTS=pthread_create    -rdynamic CMakeFiles/cmTC_58eac.dir/CheckFunctionExists.c.o  -o cmTC_58eac -lpthreads 
/usr/bin/ld: cannot find -lpthreads
collect2: error: ld returned 1 exit status
CMakeFiles/cmTC_58eac.dir/build.make:97: recipe for target 'cmTC_58eac' failed
make[1]: *** [cmTC_58eac] Error 1
make[1]: Leaving directory '/home/yellow/ws_why/build/CMakeFiles/CMakeTmp'
Makefile:126: recipe for target 'cmTC_58eac/fast' failed
make: *** [cmTC_58eac/fast] Error 2


